2025-09-26 22:46:34,167 INFO o.a.j.u.JMeterUtils: Setting Locale to en_EN
2025-09-26 22:46:34,212 INFO o.a.j.JMeter: Loading user properties from: C:\Users\apache-jmeter-5.6.3\bin\user.properties
2025-09-26 22:46:34,214 INFO o.a.j.JMeter: Loading system properties from: C:\Users\apache-jmeter-5.6.3\bin\system.properties
2025-09-26 22:46:34,215 INFO o.a.j.JMeter: Setting JMeter property: protocol=https
2025-09-26 22:46:34,215 INFO o.a.j.JMeter: Setting JMeter property: host=in.pinterest.com
2025-09-26 22:46:34,215 INFO o.a.j.JMeter: Setting JMeter property: path=/
2025-09-26 22:46:34,234 INFO o.a.j.JMeter: Copyright (c) 1998-2024 The Apache Software Foundation
2025-09-26 22:46:34,234 INFO o.a.j.JMeter: Version 5.6.3
2025-09-26 22:46:34,234 INFO o.a.j.JMeter: java.version=24
2025-09-26 22:46:34,234 INFO o.a.j.JMeter: java.vm.name=Java HotSpot(TM) 64-Bit Server VM
2025-09-26 22:46:34,236 INFO o.a.j.JMeter: os.name=Windows 11
2025-09-26 22:46:34,236 INFO o.a.j.JMeter: os.arch=amd64
2025-09-26 22:46:34,236 INFO o.a.j.JMeter: os.version=10.0
2025-09-26 22:46:34,236 INFO o.a.j.JMeter: file.encoding=UTF-8
2025-09-26 22:46:34,236 INFO o.a.j.JMeter: java.awt.headless=true
2025-09-26 22:46:34,236 INFO o.a.j.JMeter: Max memory     =1073741824
2025-09-26 22:46:34,236 INFO o.a.j.JMeter: Available Processors =12
2025-09-26 22:46:34,261 INFO o.a.j.JMeter: Default Locale=English (EN)
2025-09-26 22:46:34,261 INFO o.a.j.JMeter: JMeter  Locale=English (EN)
2025-09-26 22:46:34,262 INFO o.a.j.JMeter: JMeterHome=C:\Users\apache-jmeter-5.6.3
2025-09-26 22:46:34,262 INFO o.a.j.JMeter: user.dir  =C:\Users\tharu\testing-apache
2025-09-26 22:46:34,262 INFO o.a.j.JMeter: PWD       =C:\Users\tharu\testing-apache
2025-09-26 22:46:34,265 INFO o.a.j.JMeter: IP: 192.168.1.7 Name: LAPTOP-E6GPNLDU FullName: host.docker.internal
2025-09-26 22:46:34,281 INFO o.a.j.s.FileServer: Default base='C:\Users\tharu\testing-apache'
2025-09-26 22:46:34,283 INFO o.a.j.s.FileServer: Set new base='C:\Users\apache-jmeter-5.6.3\bin\examples'
2025-09-26 22:46:35,207 INFO o.a.j.s.SaveService: Testplan (JMX) version: 2.2. Testlog (JTL) version: 2.2
2025-09-26 22:46:35,649 INFO o.a.j.s.SaveService: Using SaveService properties version 5.0
2025-09-26 22:46:35,653 INFO o.a.j.s.SaveService: Using SaveService properties file encoding UTF-8
2025-09-26 22:46:35,658 INFO o.a.j.s.SaveService: Loading file: C:\Users\apache-jmeter-5.6.3\bin\examples\test-website.jmx
2025-09-26 22:46:35,769 INFO o.a.j.p.h.s.HTTPSamplerBase: Parser for text/html is org.apache.jmeter.protocol.http.parser.LagartoBasedHtmlParser
2025-09-26 22:46:35,769 INFO o.a.j.p.h.s.HTTPSamplerBase: Parser for application/xhtml+xml is org.apache.jmeter.protocol.http.parser.LagartoBasedHtmlParser
2025-09-26 22:46:35,769 INFO o.a.j.p.h.s.HTTPSamplerBase: Parser for application/xml is org.apache.jmeter.protocol.http.parser.LagartoBasedHtmlParser
2025-09-26 22:46:35,769 INFO o.a.j.p.h.s.HTTPSamplerBase: Parser for text/xml is org.apache.jmeter.protocol.http.parser.LagartoBasedHtmlParser
2025-09-26 22:46:35,769 INFO o.a.j.p.h.s.HTTPSamplerBase: Parser for text/vnd.wap.wml is org.apache.jmeter.protocol.http.parser.RegexpHTMLParser
2025-09-26 22:46:35,769 INFO o.a.j.p.h.s.HTTPSamplerBase: Parser for text/css is org.apache.jmeter.protocol.http.parser.CssParser
2025-09-26 22:46:35,916 INFO o.a.j.JMeter: Creating summariser <summary>
2025-09-26 22:46:35,951 INFO o.a.j.e.StandardJMeterEngine: Running the test!
2025-09-26 22:46:35,952 INFO o.a.j.s.SampleEvent: List of sample_variables: []
2025-09-26 22:46:35,952 INFO o.a.j.s.SampleEvent: List of sample_variables: []
2025-09-26 22:46:35,963 INFO o.a.j.e.u.CompoundVariable: Note: Function class names must contain the string: '.functions.'
2025-09-26 22:46:35,963 INFO o.a.j.e.u.CompoundVariable: Note: Function class names must not contain the string: '.gui.'
2025-09-26 22:46:36,151 INFO o.a.j.JMeter: Running test (1758906996151)
2025-09-26 22:46:36,185 INFO o.a.j.e.StandardJMeterEngine: Starting ThreadGroup: 1 : Thread Group
2025-09-26 22:46:36,185 INFO o.a.j.e.StandardJMeterEngine: Starting 10 threads for group Thread Group.
2025-09-26 22:46:36,185 INFO o.a.j.e.StandardJMeterEngine: Thread will continue on error
2025-09-26 22:46:36,186 INFO o.a.j.t.ThreadGroup: Starting thread group... number=1 threads=10 ramp-up=1 delayedStart=false
2025-09-26 22:46:36,199 INFO o.a.j.t.ThreadGroup: Started thread group number 1
2025-09-26 22:46:36,200 INFO o.a.j.e.StandardJMeterEngine: All thread groups have been started
2025-09-26 22:46:36,204 INFO o.a.j.t.JMeterThread: Thread started: Thread Group 1-1
2025-09-26 22:46:36,262 INFO o.a.j.p.h.s.HTTPHCAbstractImpl: Local host = LAPTOP-E6GPNLDU
2025-09-26 22:46:36,287 INFO o.a.j.p.h.s.HTTPHC4Impl: HTTP request retry count = 0
2025-09-26 22:46:36,290 INFO o.a.j.s.SampleResult: Note: Sample TimeStamps are START times
2025-09-26 22:46:36,291 INFO o.a.j.s.SampleResult: sampleresult.default.encoding is set to UTF-8
2025-09-26 22:46:36,291 INFO o.a.j.s.SampleResult: sampleresult.useNanoTime=true
2025-09-26 22:46:36,291 INFO o.a.j.s.SampleResult: sampleresult.nanoThreadSleep=5000
2025-09-26 22:46:36,300 INFO o.a.j.t.JMeterThread: Thread started: Thread Group 1-2
2025-09-26 22:46:36,399 INFO o.a.j.t.JMeterThread: Thread started: Thread Group 1-3
2025-09-26 22:46:36,499 INFO o.a.j.t.JMeterThread: Thread started: Thread Group 1-4
2025-09-26 22:46:36,590 INFO o.a.j.p.h.s.h.LazyLayeredConnectionSocketFactory: Setting up HTTPS TrustAll Socket Factory
2025-09-26 22:46:36,599 INFO o.a.j.t.JMeterThread: Thread started: Thread Group 1-5
2025-09-26 22:46:36,607 INFO o.a.j.u.JsseSSLManager: Using default SSL protocol: TLS
2025-09-26 22:46:36,607 INFO o.a.j.u.JsseSSLManager: SSL session context: per-thread
2025-09-26 22:46:36,698 INFO o.a.j.t.JMeterThread: Thread started: Thread Group 1-6
2025-09-26 22:46:36,796 INFO o.a.j.t.JMeterThread: Thread started: Thread Group 1-7
2025-09-26 22:46:36,808 INFO o.a.j.u.SSLManager: JmeterKeyStore Location:  type JKS
2025-09-26 22:46:36,815 INFO o.a.j.u.SSLManager: KeyStore created OK
2025-09-26 22:46:36,816 WARN o.a.j.u.SSLManager: Keystore file not found, loading empty keystore
2025-09-26 22:46:36,898 INFO o.a.j.t.JMeterThread: Thread started: Thread Group 1-8
2025-09-26 22:46:36,996 INFO o.a.j.t.JMeterThread: Thread started: Thread Group 1-9
2025-09-26 22:46:37,094 INFO o.a.j.t.JMeterThread: Thread started: Thread Group 1-10
2025-09-26 22:46:37,451 INFO o.a.j.t.JMeterThread: Thread is done: Thread Group 1-8
2025-09-26 22:46:37,452 INFO o.a.j.t.JMeterThread: Thread is done: Thread Group 1-7
2025-09-26 22:46:37,452 INFO o.a.j.t.JMeterThread: Thread finished: Thread Group 1-8
2025-09-26 22:46:37,452 INFO o.a.j.t.JMeterThread: Thread finished: Thread Group 1-7
2025-09-26 22:46:39,111 INFO o.a.j.t.JMeterThread: Thread is done: Thread Group 1-6
2025-09-26 22:46:39,111 INFO o.a.j.t.JMeterThread: Thread finished: Thread Group 1-6
2025-09-26 22:46:39,121 INFO o.a.j.t.JMeterThread: Thread is done: Thread Group 1-2
2025-09-26 22:46:39,122 INFO o.a.j.t.JMeterThread: Thread finished: Thread Group 1-2
2025-09-26 22:46:39,122 INFO o.a.j.t.JMeterThread: Thread is done: Thread Group 1-4
2025-09-26 22:46:39,122 INFO o.a.j.t.JMeterThread: Thread finished: Thread Group 1-4
2025-09-26 22:46:39,394 INFO o.a.j.t.JMeterThread: Thread is done: Thread Group 1-9
2025-09-26 22:46:39,394 INFO o.a.j.t.JMeterThread: Thread finished: Thread Group 1-9
2025-09-26 22:46:39,423 INFO o.a.j.t.JMeterThread: Thread is done: Thread Group 1-3
2025-09-26 22:46:39,425 INFO o.a.j.t.JMeterThread: Thread finished: Thread Group 1-3
2025-09-26 22:46:39,440 INFO o.a.j.t.JMeterThread: Thread is done: Thread Group 1-5
2025-09-26 22:46:39,441 INFO o.a.j.t.JMeterThread: Thread finished: Thread Group 1-5
2025-09-26 22:46:39,478 INFO o.a.j.t.JMeterThread: Thread is done: Thread Group 1-10
2025-09-26 22:46:39,478 INFO o.a.j.t.JMeterThread: Thread finished: Thread Group 1-10
2025-09-26 22:46:39,628 INFO o.a.j.t.JMeterThread: Thread is done: Thread Group 1-1
2025-09-26 22:46:39,629 INFO o.a.j.t.JMeterThread: Thread finished: Thread Group 1-1
2025-09-26 22:46:39,630 INFO o.a.j.e.StandardJMeterEngine: Notifying test listeners of end of test
2025-09-26 22:46:39,634 INFO o.a.j.r.Summariser: summary =     10 in 00:00:03 =    2.9/s Avg:  2252 Min:   541 Max:  3136 Err:     2 (20.00%)
